{"contracts/AircraftNft.sol":{"l":{"38":21,"39":21,"40":21,"41":21,"42":21,"50":1,"53":1,"59":1,"65":1,"74":1,"80":1,"83":1,"87":1,"91":1,"98":2,"110":18,"111":18,"112":18,"113":18,"117":18,"122":18,"123":18,"127":18},"path":"/Users/bino/Projects/airline/weifly-contracts/contracts/AircraftNft.sol","s":{"1":1,"2":1,"3":1,"4":1,"5":1,"6":18,"7":18,"8":18,"9":18,"10":18,"11":18,"12":18,"13":18},"b":{"1":[1,0],"2":[1,0],"3":[1,0],"4":[1,0],"5":[1,0],"6":[1,0],"7":[1,0],"8":[1,0],"9":[2,0],"10":[18,0],"11":[18,0],"12":[18,0],"13":[18,0],"14":[18,0],"15":[15,3]},"f":{"1":21,"2":1,"3":1,"4":1,"5":1,"6":2,"7":18},"fnMap":{"1":{"name":"constructor","line":36,"loc":{"start":{"line":20,"column":4},"end":{"line":43,"column":4}}},"2":{"name":"sendGas","line":49,"loc":{"start":{"line":45,"column":4},"end":{"line":67,"column":4}}},"3":{"name":"burnGas","line":73,"loc":{"start":{"line":69,"column":4},"end":{"line":84,"column":4}}},"4":{"name":"setAirlineCoin","line":86,"loc":{"start":{"line":86,"column":4},"end":{"line":88,"column":4}}},"5":{"name":"setAirlineGasCoin","line":90,"loc":{"start":{"line":90,"column":4},"end":{"line":92,"column":4}}},"6":{"name":"setRequiredLicense","line":97,"loc":{"start":{"line":94,"column":4},"end":{"line":99,"column":4}}},"7":{"name":"_beforeClaim","line":101,"loc":{"start":{"line":101,"column":4},"end":{"line":128,"column":4}}}},"statementMap":{"1":{"start":{"line":50,"column":8},"end":{"line":50,"column":45}},"2":{"start":{"line":53,"column":8},"end":{"line":53,"column":1458}},"3":{"start":{"line":59,"column":8},"end":{"line":59,"column":1643}},"4":{"start":{"line":74,"column":8},"end":{"line":74,"column":2058}},"5":{"start":{"line":83,"column":8},"end":{"line":83,"column":35}},"6":{"start":{"line":110,"column":8},"end":{"line":110,"column":76}},"7":{"start":{"line":111,"column":8},"end":{"line":111,"column":55}},"8":{"start":{"line":112,"column":8},"end":{"line":112,"column":71}},"9":{"start":{"line":113,"column":8},"end":{"line":113,"column":3343}},"10":{"start":{"line":117,"column":8},"end":{"line":117,"column":3467}},"11":{"start":{"line":122,"column":8},"end":{"line":122,"column":72}},"12":{"start":{"line":123,"column":8},"end":{"line":123,"column":3668}},"13":{"start":{"line":127,"column":8},"end":{"line":127,"column":59}}},"branchMap":{"1":{"line":49,"type":"if","locations":[{"start":{"line":49,"column":13},"end":{"line":49,"column":13}},{"start":{"line":49,"column":13},"end":{"line":49,"column":13}}]},"2":{"line":50,"type":"if","locations":[{"start":{"line":50,"column":8},"end":{"line":50,"column":8}},{"start":{"line":50,"column":8},"end":{"line":50,"column":8}}]},"3":{"line":53,"type":"if","locations":[{"start":{"line":53,"column":8},"end":{"line":53,"column":8}},{"start":{"line":53,"column":8},"end":{"line":53,"column":8}}]},"4":{"line":59,"type":"if","locations":[{"start":{"line":59,"column":8},"end":{"line":59,"column":8}},{"start":{"line":59,"column":8},"end":{"line":59,"column":8}}]},"5":{"line":73,"type":"if","locations":[{"start":{"line":73,"column":13},"end":{"line":73,"column":13}},{"start":{"line":73,"column":13},"end":{"line":73,"column":13}}]},"6":{"line":74,"type":"if","locations":[{"start":{"line":74,"column":8},"end":{"line":74,"column":8}},{"start":{"line":74,"column":8},"end":{"line":74,"column":8}}]},"7":{"line":86,"type":"if","locations":[{"start":{"line":86,"column":53},"end":{"line":86,"column":53}},{"start":{"line":86,"column":53},"end":{"line":86,"column":53}}]},"8":{"line":90,"type":"if","locations":[{"start":{"line":90,"column":56},"end":{"line":90,"column":56}},{"start":{"line":90,"column":56},"end":{"line":90,"column":56}}]},"9":{"line":97,"type":"if","locations":[{"start":{"line":97,"column":13},"end":{"line":97,"column":13}},{"start":{"line":97,"column":13},"end":{"line":97,"column":13}}]},"10":{"line":110,"type":"if","locations":[{"start":{"line":110,"column":8},"end":{"line":110,"column":8}},{"start":{"line":110,"column":8},"end":{"line":110,"column":8}}]},"11":{"line":111,"type":"if","locations":[{"start":{"line":111,"column":8},"end":{"line":111,"column":8}},{"start":{"line":111,"column":8},"end":{"line":111,"column":8}}]},"12":{"line":112,"type":"if","locations":[{"start":{"line":112,"column":8},"end":{"line":112,"column":8}},{"start":{"line":112,"column":8},"end":{"line":112,"column":8}}]},"13":{"line":113,"type":"if","locations":[{"start":{"line":113,"column":8},"end":{"line":113,"column":8}},{"start":{"line":113,"column":8},"end":{"line":113,"column":8}}]},"14":{"line":117,"type":"if","locations":[{"start":{"line":117,"column":8},"end":{"line":117,"column":8}},{"start":{"line":117,"column":8},"end":{"line":117,"column":8}}]},"15":{"line":127,"type":"if","locations":[{"start":{"line":127,"column":8},"end":{"line":127,"column":8}},{"start":{"line":127,"column":8},"end":{"line":127,"column":8}}]}}},"contracts/AirlineCoin.sol":{"l":{"13":48,"14":48},"path":"/Users/bino/Projects/airline/weifly-contracts/contracts/AirlineCoin.sol","s":{"1":48,"2":48},"b":{},"f":{"1":48},"fnMap":{"1":{"name":"constructor","line":11,"loc":{"start":{"line":7,"column":2},"end":{"line":15,"column":2}}}},"statementMap":{"1":{"start":{"line":13,"column":4},"end":{"line":13,"column":65}},"2":{"start":{"line":14,"column":4},"end":{"line":14,"column":35}}},"branchMap":{}},"contracts/AirlineRewardCoin.sol":{"l":{"13":21},"path":"/Users/bino/Projects/airline/weifly-contracts/contracts/AirlineRewardCoin.sol","s":{"1":21},"b":{},"f":{"1":21},"fnMap":{"1":{"name":"constructor","line":11,"loc":{"start":{"line":7,"column":2},"end":{"line":14,"column":2}}}},"statementMap":{"1":{"start":{"line":13,"column":4},"end":{"line":13,"column":69}}},"branchMap":{}},"contracts/FlightController.sol":{"l":{"24":14,"25":14,"26":14,"27":10,"31":4,"32":3,"43":3,"44":3,"45":3,"49":1,"60":11,"67":10,"68":10,"69":10,"71":9,"79":9,"86":3,"90":1,"96":1,"98":1,"106":1,"108":1},"path":"/Users/bino/Projects/airline/weifly-contracts/contracts/FlightController.sol","s":{"1":14,"2":4,"3":1,"4":11,"5":10,"6":10,"7":10,"8":9,"9":3,"10":1,"11":1,"12":1,"13":1},"b":{"1":[14,0],"2":[3,1],"3":[11,0],"4":[10,1],"5":[10,0],"6":[9,1],"7":[3,1],"8":[3,0],"9":[1,2],"10":[1,0]},"f":{"1":14,"2":4,"3":3,"4":1,"5":11,"6":3},"fnMap":{"1":{"name":"nonReentrant","line":23,"loc":{"start":{"line":23,"column":4},"end":{"line":28,"column":4}}},"2":{"name":"onlyAdmin","line":30,"loc":{"start":{"line":30,"column":4},"end":{"line":33,"column":4}}},"3":{"name":"constructor","line":38,"loc":{"start":{"line":38,"column":4},"end":{"line":46,"column":4}}},"4":{"name":"_calculateRewards","line":48,"loc":{"start":{"line":48,"column":4},"end":{"line":52,"column":4}}},"5":{"name":"startFlight","line":59,"loc":{"start":{"line":54,"column":4},"end":{"line":80,"column":4}}},"6":{"name":"completeFlight","line":85,"loc":{"start":{"line":82,"column":4},"end":{"line":109,"column":4}}}},"statementMap":{"1":{"start":{"line":24,"column":8},"end":{"line":24,"column":62}},"2":{"start":{"line":31,"column":8},"end":{"line":31,"column":51}},"3":{"start":{"line":49,"column":8},"end":{"line":49,"column":1453}},"4":{"start":{"line":60,"column":8},"end":{"line":60,"column":1690}},"5":{"start":{"line":67,"column":8},"end":{"line":67,"column":66}},"6":{"start":{"line":68,"column":8},"end":{"line":68,"column":76}},"7":{"start":{"line":69,"column":8},"end":{"line":69,"column":60}},"8":{"start":{"line":79,"column":8},"end":{"line":79,"column":49}},"9":{"start":{"line":86,"column":8},"end":{"line":86,"column":2584}},"10":{"start":{"line":90,"column":8},"end":{"line":90,"column":2735}},"11":{"start":{"line":96,"column":8},"end":{"line":96,"column":52}},"12":{"start":{"line":106,"column":8},"end":{"line":106,"column":57}},"13":{"start":{"line":108,"column":8},"end":{"line":108,"column":23}}},"branchMap":{"1":{"line":24,"type":"if","locations":[{"start":{"line":24,"column":8},"end":{"line":24,"column":8}},{"start":{"line":24,"column":8},"end":{"line":24,"column":8}}]},"2":{"line":31,"type":"if","locations":[{"start":{"line":31,"column":8},"end":{"line":31,"column":8}},{"start":{"line":31,"column":8},"end":{"line":31,"column":8}}]},"3":{"line":59,"type":"if","locations":[{"start":{"line":59,"column":13},"end":{"line":59,"column":13}},{"start":{"line":59,"column":13},"end":{"line":59,"column":13}}]},"4":{"line":60,"type":"if","locations":[{"start":{"line":60,"column":8},"end":{"line":60,"column":8}},{"start":{"line":60,"column":8},"end":{"line":60,"column":8}}]},"5":{"line":61,"type":"cond-expr","locations":[{"start":{"line":61,"column":12},"end":{"line":61,"column":51}},{"start":{"line":62,"column":16},"end":{"line":63,"column":63}}]},"6":{"line":69,"type":"if","locations":[{"start":{"line":69,"column":8},"end":{"line":69,"column":8}},{"start":{"line":69,"column":8},"end":{"line":69,"column":8}}]},"7":{"line":85,"type":"if","locations":[{"start":{"line":85,"column":13},"end":{"line":85,"column":13}},{"start":{"line":85,"column":13},"end":{"line":85,"column":13}}]},"8":{"line":85,"type":"if","locations":[{"start":{"line":85,"column":23},"end":{"line":85,"column":23}},{"start":{"line":85,"column":23},"end":{"line":85,"column":23}}]},"9":{"line":86,"type":"if","locations":[{"start":{"line":86,"column":8},"end":{"line":86,"column":8}},{"start":{"line":86,"column":8},"end":{"line":86,"column":8}}]},"10":{"line":90,"type":"if","locations":[{"start":{"line":90,"column":8},"end":{"line":90,"column":8}},{"start":{"line":90,"column":8},"end":{"line":90,"column":8}}]}}},"contracts/LicenseNFT.sol":{"l":{"35":45,"36":45,"40":45,"44":45,"46":45,"47":21,"48":21,"50":21,"51":21},"path":"/Users/bino/Projects/airline/weifly-contracts/contracts/LicenseNFT.sol","s":{"1":45,"2":45,"3":45,"4":45,"5":45,"6":21,"7":21,"8":21,"9":21},"b":{"1":[45,0],"2":[45,0],"3":[45,0],"4":[45,0],"5":[21,24],"6":[21,0],"7":[18,3]},"f":{"1":33,"2":45},"fnMap":{"1":{"name":"constructor","line":23,"loc":{"start":{"line":8,"column":4},"end":{"line":24,"column":5}}},"2":{"name":"_beforeClaim","line":26,"loc":{"start":{"line":26,"column":4},"end":{"line":53,"column":4}}}},"statementMap":{"1":{"start":{"line":35,"column":8},"end":{"line":35,"column":71}},"2":{"start":{"line":36,"column":8},"end":{"line":36,"column":965}},"3":{"start":{"line":40,"column":8},"end":{"line":40,"column":1089}},"4":{"start":{"line":44,"column":8},"end":{"line":44,"column":55}},"5":{"start":{"line":46,"column":8},"end":{"line":46,"column":1273}},"6":{"start":{"line":47,"column":12},"end":{"line":47,"column":66}},"7":{"start":{"line":48,"column":12},"end":{"line":48,"column":71}},"8":{"start":{"line":50,"column":12},"end":{"line":50,"column":72}},"9":{"start":{"line":51,"column":12},"end":{"line":51,"column":63}}},"branchMap":{"1":{"line":35,"type":"if","locations":[{"start":{"line":35,"column":8},"end":{"line":35,"column":8}},{"start":{"line":35,"column":8},"end":{"line":35,"column":8}}]},"2":{"line":36,"type":"if","locations":[{"start":{"line":36,"column":8},"end":{"line":36,"column":8}},{"start":{"line":36,"column":8},"end":{"line":36,"column":8}}]},"3":{"line":40,"type":"if","locations":[{"start":{"line":40,"column":8},"end":{"line":40,"column":8}},{"start":{"line":40,"column":8},"end":{"line":40,"column":8}}]},"4":{"line":44,"type":"if","locations":[{"start":{"line":44,"column":8},"end":{"line":44,"column":8}},{"start":{"line":44,"column":8},"end":{"line":44,"column":8}}]},"5":{"line":46,"type":"if","locations":[{"start":{"line":46,"column":8},"end":{"line":46,"column":8}},{"start":{"line":46,"column":8},"end":{"line":46,"column":8}}]},"6":{"line":48,"type":"if","locations":[{"start":{"line":48,"column":12},"end":{"line":48,"column":12}},{"start":{"line":48,"column":12},"end":{"line":48,"column":12}}]},"7":{"line":51,"type":"if","locations":[{"start":{"line":51,"column":12},"end":{"line":51,"column":12}},{"start":{"line":51,"column":12},"end":{"line":51,"column":12}}]}}},"contracts/NativeTokenWrapper.sol":{"l":{},"path":"/Users/bino/Projects/airline/weifly-contracts/contracts/NativeTokenWrapper.sol","s":{},"b":{},"f":{"1":12},"fnMap":{"1":{"name":"constructor","line":11,"loc":{"start":{"line":7,"column":2},"end":{"line":11,"column":46}}}},"statementMap":{},"branchMap":{}},"contracts/StakingAirline.sol":{"l":{"31":12,"47":1,"59":1},"path":"/Users/bino/Projects/airline/weifly-contracts/contracts/StakingAirline.sol","s":{"1":1,"2":1},"b":{"1":[1,0]},"f":{"1":12,"2":1},"fnMap":{"1":{"name":"constructor","line":29,"loc":{"start":{"line":12,"column":4},"end":{"line":32,"column":4}}},"2":{"name":"_mintRewards","line":43,"loc":{"start":{"line":43,"column":4},"end":{"line":60,"column":4}}}},"statementMap":{"1":{"start":{"line":47,"column":8},"end":{"line":47,"column":75}},"2":{"start":{"line":59,"column":8},"end":{"line":59,"column":44}}},"branchMap":{"1":{"line":47,"type":"if","locations":[{"start":{"line":47,"column":8},"end":{"line":47,"column":8}},{"start":{"line":47,"column":8},"end":{"line":47,"column":8}}]}}}}