{"contracts/core/account/AccountFactory.sol":{"l":{"10":5,"11":5,"16":5,"18":5,"19":1,"22":4,"28":15,"29":15,"34":15,"36":15,"37":1,"40":14},"path":"/Users/bino/Projects/airline/weifly-contracts/contracts/core/account/AccountFactory.sol","s":{"1":5,"2":5,"3":5,"4":5,"5":1,"6":4,"7":15,"8":15,"9":15,"10":15,"11":1,"12":14},"b":{"1":[1,4],"2":[1,14]},"f":{"1":5,"2":15},"fnMap":{"1":{"name":"createBaseAccount","line":9,"loc":{"start":{"line":9,"column":4},"end":{"line":23,"column":4}}},"2":{"name":"createRecoverableAccount","line":25,"loc":{"start":{"line":25,"column":4},"end":{"line":41,"column":4}}}},"statementMap":{"1":{"start":{"line":10,"column":8},"end":{"line":10,"column":56}},"2":{"start":{"line":11,"column":8},"end":{"line":11,"column":356}},"3":{"start":{"line":16,"column":8},"end":{"line":16,"column":72}},"4":{"start":{"line":18,"column":8},"end":{"line":18,"column":567}},"5":{"start":{"line":19,"column":12},"end":{"line":19,"column":23}},"6":{"start":{"line":22,"column":8},"end":{"line":22,"column":48}},"7":{"start":{"line":28,"column":8},"end":{"line":28,"column":56}},"8":{"start":{"line":29,"column":8},"end":{"line":29,"column":852}},"9":{"start":{"line":34,"column":8},"end":{"line":34,"column":72}},"10":{"start":{"line":36,"column":8},"end":{"line":36,"column":1070}},"11":{"start":{"line":37,"column":12},"end":{"line":37,"column":23}},"12":{"start":{"line":40,"column":8},"end":{"line":40,"column":48}}},"branchMap":{"1":{"line":18,"type":"if","locations":[{"start":{"line":18,"column":8},"end":{"line":18,"column":8}},{"start":{"line":18,"column":8},"end":{"line":18,"column":8}}]},"2":{"line":36,"type":"if","locations":[{"start":{"line":36,"column":8},"end":{"line":36,"column":8}},{"start":{"line":36,"column":8},"end":{"line":36,"column":8}}]}}},"contracts/core/account/BaseAccount.sol":{"l":{"14":4,"22":1,"27":1,"31":1},"path":"/Users/bino/Projects/airline/weifly-contracts/contracts/core/account/BaseAccount.sol","s":{"1":1,"2":1},"b":{"1":[1,0]},"f":{"1":4,"2":1,"3":1},"fnMap":{"1":{"name":"constructor","line":13,"loc":{"start":{"line":13,"column":4},"end":{"line":15,"column":4}}},"2":{"name":"validateUserOp","line":17,"loc":{"start":{"line":17,"column":4},"end":{"line":28,"column":4}}},"3":{"name":"execute","line":30,"loc":{"start":{"line":30,"column":4},"end":{"line":32,"column":4}}}},"statementMap":{"1":{"start":{"line":22,"column":8},"end":{"line":22,"column":649}},"2":{"start":{"line":27,"column":8},"end":{"line":27,"column":41}}},"branchMap":{"1":{"line":27,"type":"if","locations":[{"start":{"line":27,"column":36},"end":{"line":27,"column":36}},{"start":{"line":27,"column":40},"end":{"line":27,"column":40}}]}}},"contracts/core/account/EntryPoint.sol":{"l":{},"path":"/Users/bino/Projects/airline/weifly-contracts/contracts/core/account/EntryPoint.sol","s":{},"b":{},"f":{},"fnMap":{},"statementMap":{},"branchMap":{}},"contracts/core/account/Paymaster.sol":{"l":{"13":9,"14":9},"path":"/Users/bino/Projects/airline/weifly-contracts/contracts/core/account/Paymaster.sol","s":{},"b":{},"f":{"1":9,"2":0},"fnMap":{"1":{"name":"validatePaymasterUserOp","line":7,"loc":{"start":{"line":7,"column":4},"end":{"line":15,"column":4}}},"2":{"name":"postOp","line":28,"loc":{"start":{"line":28,"column":4},"end":{"line":33,"column":16}}}},"statementMap":{},"branchMap":{}},"contracts/core/account/RecoverableAccount.sol":{"l":{"20":9,"25":9,"26":7,"29":2,"30":2,"32":2,"36":1},"path":"/Users/bino/Projects/airline/weifly-contracts/contracts/core/account/RecoverableAccount.sol","s":{"1":9,"2":9,"3":7,"4":2,"5":2,"6":2},"b":{"1":[7,2],"2":[6,1],"3":[2,0],"4":[2,0],"5":[0,2]},"f":{"1":14,"2":9,"3":1},"fnMap":{"1":{"name":"constructor","line":13,"loc":{"start":{"line":13,"column":4},"end":{"line":13,"column":53}}},"2":{"name":"validateUserOp","line":15,"loc":{"start":{"line":15,"column":4},"end":{"line":33,"column":4}}},"3":{"name":"execute","line":35,"loc":{"start":{"line":35,"column":4},"end":{"line":37,"column":4}}}},"statementMap":{"1":{"start":{"line":20,"column":8},"end":{"line":20,"column":663}},"2":{"start":{"line":25,"column":8},"end":{"line":25,"column":811}},"3":{"start":{"line":26,"column":12},"end":{"line":26,"column":49}},"4":{"start":{"line":29,"column":8},"end":{"line":29,"column":36}},"5":{"start":{"line":30,"column":8},"end":{"line":30,"column":69}},"6":{"start":{"line":32,"column":8},"end":{"line":32,"column":73}}},"branchMap":{"1":{"line":25,"type":"if","locations":[{"start":{"line":25,"column":8},"end":{"line":25,"column":8}},{"start":{"line":25,"column":8},"end":{"line":25,"column":8}}]},"2":{"line":26,"type":"if","locations":[{"start":{"line":26,"column":44},"end":{"line":26,"column":44}},{"start":{"line":26,"column":48},"end":{"line":26,"column":48}}]},"3":{"line":30,"type":"if","locations":[{"start":{"line":30,"column":8},"end":{"line":30,"column":8}},{"start":{"line":30,"column":8},"end":{"line":30,"column":8}}]},"4":{"line":32,"type":"if","locations":[{"start":{"line":32,"column":68},"end":{"line":32,"column":68}},{"start":{"line":32,"column":72},"end":{"line":32,"column":72}}]},"5":{"line":32,"type":"if","locations":[{"start":{"line":32,"column":40},"end":{"line":32,"column":40}},{"start":{"line":32,"column":44},"end":{"line":32,"column":72}}]}}},"contracts/core/Airline.sol":{"l":{"14":18,"18":5,"19":5,"28":4,"33":4,"34":4,"35":3,"44":2,"49":2,"50":2,"51":1},"path":"/Users/bino/Projects/airline/weifly-contracts/contracts/core/Airline.sol","s":{"1":5,"2":4,"3":4,"4":4,"5":2,"6":2,"7":2},"b":{"1":[5,0],"2":[4,0],"3":[3,1],"4":[2,0],"5":[1,1]},"f":{"1":18,"2":5,"3":4,"4":2},"fnMap":{"1":{"name":"constructor","line":13,"loc":{"start":{"line":13,"column":4},"end":{"line":15,"column":4}}},"2":{"name":"joinAirline","line":17,"loc":{"start":{"line":17,"column":4},"end":{"line":20,"column":4}}},"3":{"name":"closeAirline","line":27,"loc":{"start":{"line":27,"column":4},"end":{"line":36,"column":4}}},"4":{"name":"openAirline","line":43,"loc":{"start":{"line":43,"column":4},"end":{"line":52,"column":4}}}},"statementMap":{"1":{"start":{"line":18,"column":8},"end":{"line":18,"column":51}},"2":{"start":{"line":28,"column":8},"end":{"line":28,"column":806}},"3":{"start":{"line":33,"column":8},"end":{"line":33,"column":66}},"4":{"start":{"line":34,"column":8},"end":{"line":34,"column":59}},"5":{"start":{"line":44,"column":8},"end":{"line":44,"column":1303}},"6":{"start":{"line":49,"column":8},"end":{"line":49,"column":66}},"7":{"start":{"line":50,"column":8},"end":{"line":50,"column":58}}},"branchMap":{"1":{"line":18,"type":"if","locations":[{"start":{"line":18,"column":8},"end":{"line":18,"column":8}},{"start":{"line":18,"column":8},"end":{"line":18,"column":8}}]},"2":{"line":33,"type":"if","locations":[{"start":{"line":33,"column":8},"end":{"line":33,"column":8}},{"start":{"line":33,"column":8},"end":{"line":33,"column":8}}]},"3":{"line":34,"type":"if","locations":[{"start":{"line":34,"column":8},"end":{"line":34,"column":8}},{"start":{"line":34,"column":8},"end":{"line":34,"column":8}}]},"4":{"line":49,"type":"if","locations":[{"start":{"line":49,"column":8},"end":{"line":49,"column":8}},{"start":{"line":49,"column":8},"end":{"line":49,"column":8}}]},"5":{"line":50,"type":"if","locations":[{"start":{"line":50,"column":8},"end":{"line":50,"column":8}},{"start":{"line":50,"column":8},"end":{"line":50,"column":8}}]}}},"contracts/core/AirlineUser.sol":{"l":{"11":4,"15":3,"25":3,"26":3,"28":3,"29":3},"path":"/Users/bino/Projects/airline/weifly-contracts/contracts/core/AirlineUser.sol","s":{"1":4,"2":3,"3":3,"4":3},"b":{"1":[3,1],"2":[3,1],"3":[3,0]},"f":{"1":4,"2":30,"3":3},"fnMap":{"1":{"name":"notInAirlne","line":10,"loc":{"start":{"line":10,"column":4},"end":{"line":16,"column":4}}},"2":{"name":"constructor","line":18,"loc":{"start":{"line":18,"column":4},"end":{"line":18,"column":19}}},"3":{"name":"connectToAirline","line":24,"loc":{"start":{"line":20,"column":4},"end":{"line":30,"column":4}}}},"statementMap":{"1":{"start":{"line":11,"column":8},"end":{"line":11,"column":224}},"2":{"start":{"line":25,"column":8},"end":{"line":25,"column":43}},"3":{"start":{"line":26,"column":8},"end":{"line":26,"column":66}},"4":{"start":{"line":28,"column":8},"end":{"line":28,"column":42}}},"branchMap":{"1":{"line":11,"type":"if","locations":[{"start":{"line":11,"column":8},"end":{"line":11,"column":8}},{"start":{"line":11,"column":8},"end":{"line":11,"column":8}}]},"2":{"line":24,"type":"if","locations":[{"start":{"line":24,"column":15},"end":{"line":24,"column":15}},{"start":{"line":24,"column":15},"end":{"line":24,"column":15}}]},"3":{"line":26,"type":"if","locations":[{"start":{"line":26,"column":8},"end":{"line":26,"column":8}},{"start":{"line":26,"column":8},"end":{"line":26,"column":8}}]}}},"contracts/core/FlightController.sol":{"l":{"24":14,"25":14,"26":14,"27":10,"31":4,"32":3,"43":3,"44":3,"45":3,"49":1,"60":11,"67":10,"68":10,"69":10,"71":9,"79":9,"86":3,"90":1,"96":1,"98":1,"106":1,"108":1},"path":"/Users/bino/Projects/airline/weifly-contracts/contracts/core/FlightController.sol","s":{"1":14,"2":4,"3":1,"4":11,"5":10,"6":10,"7":10,"8":9,"9":3,"10":1,"11":1,"12":1,"13":1},"b":{"1":[14,0],"2":[3,1],"3":[11,0],"4":[10,1],"5":[10,0],"6":[9,1],"7":[3,1],"8":[3,0],"9":[1,2],"10":[1,0]},"f":{"1":14,"2":4,"3":3,"4":1,"5":11,"6":3},"fnMap":{"1":{"name":"nonReentrant","line":23,"loc":{"start":{"line":23,"column":4},"end":{"line":28,"column":4}}},"2":{"name":"onlyAdmin","line":30,"loc":{"start":{"line":30,"column":4},"end":{"line":33,"column":4}}},"3":{"name":"constructor","line":38,"loc":{"start":{"line":38,"column":4},"end":{"line":46,"column":4}}},"4":{"name":"_calculateRewards","line":48,"loc":{"start":{"line":48,"column":4},"end":{"line":52,"column":4}}},"5":{"name":"startFlight","line":59,"loc":{"start":{"line":54,"column":4},"end":{"line":80,"column":4}}},"6":{"name":"completeFlight","line":85,"loc":{"start":{"line":82,"column":4},"end":{"line":109,"column":4}}}},"statementMap":{"1":{"start":{"line":24,"column":8},"end":{"line":24,"column":62}},"2":{"start":{"line":31,"column":8},"end":{"line":31,"column":51}},"3":{"start":{"line":49,"column":8},"end":{"line":49,"column":1465}},"4":{"start":{"line":60,"column":8},"end":{"line":60,"column":1702}},"5":{"start":{"line":67,"column":8},"end":{"line":67,"column":66}},"6":{"start":{"line":68,"column":8},"end":{"line":68,"column":76}},"7":{"start":{"line":69,"column":8},"end":{"line":69,"column":60}},"8":{"start":{"line":79,"column":8},"end":{"line":79,"column":49}},"9":{"start":{"line":86,"column":8},"end":{"line":86,"column":2596}},"10":{"start":{"line":90,"column":8},"end":{"line":90,"column":2747}},"11":{"start":{"line":96,"column":8},"end":{"line":96,"column":52}},"12":{"start":{"line":106,"column":8},"end":{"line":106,"column":57}},"13":{"start":{"line":108,"column":8},"end":{"line":108,"column":23}}},"branchMap":{"1":{"line":24,"type":"if","locations":[{"start":{"line":24,"column":8},"end":{"line":24,"column":8}},{"start":{"line":24,"column":8},"end":{"line":24,"column":8}}]},"2":{"line":31,"type":"if","locations":[{"start":{"line":31,"column":8},"end":{"line":31,"column":8}},{"start":{"line":31,"column":8},"end":{"line":31,"column":8}}]},"3":{"line":59,"type":"if","locations":[{"start":{"line":59,"column":13},"end":{"line":59,"column":13}},{"start":{"line":59,"column":13},"end":{"line":59,"column":13}}]},"4":{"line":60,"type":"if","locations":[{"start":{"line":60,"column":8},"end":{"line":60,"column":8}},{"start":{"line":60,"column":8},"end":{"line":60,"column":8}}]},"5":{"line":61,"type":"cond-expr","locations":[{"start":{"line":61,"column":12},"end":{"line":61,"column":51}},{"start":{"line":62,"column":16},"end":{"line":63,"column":63}}]},"6":{"line":69,"type":"if","locations":[{"start":{"line":69,"column":8},"end":{"line":69,"column":8}},{"start":{"line":69,"column":8},"end":{"line":69,"column":8}}]},"7":{"line":85,"type":"if","locations":[{"start":{"line":85,"column":13},"end":{"line":85,"column":13}},{"start":{"line":85,"column":13},"end":{"line":85,"column":13}}]},"8":{"line":85,"type":"if","locations":[{"start":{"line":85,"column":23},"end":{"line":85,"column":23}},{"start":{"line":85,"column":23},"end":{"line":85,"column":23}}]},"9":{"line":86,"type":"if","locations":[{"start":{"line":86,"column":8},"end":{"line":86,"column":8}},{"start":{"line":86,"column":8},"end":{"line":86,"column":8}}]},"10":{"line":90,"type":"if","locations":[{"start":{"line":90,"column":8},"end":{"line":90,"column":8}},{"start":{"line":90,"column":8},"end":{"line":90,"column":8}}]}}},"contracts/core/nfts/AircraftNft.sol":{"l":{"41":21,"42":21,"43":21,"44":21,"45":21,"49":0,"57":1,"60":1,"66":1,"72":1,"76":1,"84":1,"88":1,"94":1,"98":1,"100":1,"104":1,"108":1,"115":2,"127":18,"128":18,"129":18,"130":18,"134":18,"139":18,"140":18,"144":18},"path":"/Users/bino/Projects/airline/weifly-contracts/contracts/core/nfts/AircraftNft.sol","s":{"1":1,"2":1,"3":1,"4":1,"5":1,"6":1,"7":1,"8":1,"9":18,"10":18,"11":18,"12":18,"13":18,"14":18,"15":18,"16":18},"b":{"1":[0,0],"2":[1,0],"3":[1,0],"4":[1,0],"5":[1,0],"6":[1,0],"7":[1,0],"8":[1,0],"9":[1,0],"10":[1,0],"11":[2,0],"12":[18,0],"13":[18,0],"14":[18,0],"15":[18,0],"16":[18,0],"17":[15,3]},"f":{"1":21,"2":1,"3":1,"4":1,"5":1,"6":2,"7":18},"fnMap":{"1":{"name":"constructor","line":39,"loc":{"start":{"line":23,"column":4},"end":{"line":46,"column":4}}},"2":{"name":"sendGas","line":56,"loc":{"start":{"line":52,"column":4},"end":{"line":77,"column":4}}},"3":{"name":"burnGas","line":83,"loc":{"start":{"line":79,"column":4},"end":{"line":101,"column":4}}},"4":{"name":"setAirlineCoin","line":103,"loc":{"start":{"line":103,"column":4},"end":{"line":105,"column":4}}},"5":{"name":"setAirlineGasCoin","line":107,"loc":{"start":{"line":107,"column":4},"end":{"line":109,"column":4}}},"6":{"name":"setRequiredLicense","line":114,"loc":{"start":{"line":111,"column":4},"end":{"line":116,"column":4}}},"7":{"name":"_beforeClaim","line":118,"loc":{"start":{"line":118,"column":4},"end":{"line":145,"column":4}}}},"statementMap":{"1":{"start":{"line":57,"column":8},"end":{"line":57,"column":45}},"2":{"start":{"line":60,"column":8},"end":{"line":60,"column":1694}},"3":{"start":{"line":66,"column":8},"end":{"line":66,"column":1879}},"4":{"start":{"line":76,"column":8},"end":{"line":76,"column":52}},"5":{"start":{"line":84,"column":8},"end":{"line":84,"column":2357}},"6":{"start":{"line":88,"column":8},"end":{"line":88,"column":2480}},"7":{"start":{"line":98,"column":8},"end":{"line":98,"column":35}},"8":{"start":{"line":100,"column":8},"end":{"line":100,"column":54}},"9":{"start":{"line":127,"column":8},"end":{"line":127,"column":76}},"10":{"start":{"line":128,"column":8},"end":{"line":128,"column":55}},"11":{"start":{"line":129,"column":8},"end":{"line":129,"column":71}},"12":{"start":{"line":130,"column":8},"end":{"line":130,"column":3830}},"13":{"start":{"line":134,"column":8},"end":{"line":134,"column":3954}},"14":{"start":{"line":139,"column":8},"end":{"line":139,"column":72}},"15":{"start":{"line":140,"column":8},"end":{"line":140,"column":4155}},"16":{"start":{"line":144,"column":8},"end":{"line":144,"column":59}}},"branchMap":{"1":{"line":49,"type":"if","locations":[{"start":{"line":49,"column":8},"end":{"line":49,"column":8}},{"start":{"line":49,"column":8},"end":{"line":49,"column":8}}]},"2":{"line":56,"type":"if","locations":[{"start":{"line":56,"column":13},"end":{"line":56,"column":13}},{"start":{"line":56,"column":13},"end":{"line":56,"column":13}}]},"3":{"line":57,"type":"if","locations":[{"start":{"line":57,"column":8},"end":{"line":57,"column":8}},{"start":{"line":57,"column":8},"end":{"line":57,"column":8}}]},"4":{"line":60,"type":"if","locations":[{"start":{"line":60,"column":8},"end":{"line":60,"column":8}},{"start":{"line":60,"column":8},"end":{"line":60,"column":8}}]},"5":{"line":66,"type":"if","locations":[{"start":{"line":66,"column":8},"end":{"line":66,"column":8}},{"start":{"line":66,"column":8},"end":{"line":66,"column":8}}]},"6":{"line":83,"type":"if","locations":[{"start":{"line":83,"column":13},"end":{"line":83,"column":13}},{"start":{"line":83,"column":13},"end":{"line":83,"column":13}}]},"7":{"line":84,"type":"if","locations":[{"start":{"line":84,"column":8},"end":{"line":84,"column":8}},{"start":{"line":84,"column":8},"end":{"line":84,"column":8}}]},"8":{"line":88,"type":"if","locations":[{"start":{"line":88,"column":8},"end":{"line":88,"column":8}},{"start":{"line":88,"column":8},"end":{"line":88,"column":8}}]},"9":{"line":103,"type":"if","locations":[{"start":{"line":103,"column":53},"end":{"line":103,"column":53}},{"start":{"line":103,"column":53},"end":{"line":103,"column":53}}]},"10":{"line":107,"type":"if","locations":[{"start":{"line":107,"column":56},"end":{"line":107,"column":56}},{"start":{"line":107,"column":56},"end":{"line":107,"column":56}}]},"11":{"line":114,"type":"if","locations":[{"start":{"line":114,"column":13},"end":{"line":114,"column":13}},{"start":{"line":114,"column":13},"end":{"line":114,"column":13}}]},"12":{"line":127,"type":"if","locations":[{"start":{"line":127,"column":8},"end":{"line":127,"column":8}},{"start":{"line":127,"column":8},"end":{"line":127,"column":8}}]},"13":{"line":128,"type":"if","locations":[{"start":{"line":128,"column":8},"end":{"line":128,"column":8}},{"start":{"line":128,"column":8},"end":{"line":128,"column":8}}]},"14":{"line":129,"type":"if","locations":[{"start":{"line":129,"column":8},"end":{"line":129,"column":8}},{"start":{"line":129,"column":8},"end":{"line":129,"column":8}}]},"15":{"line":130,"type":"if","locations":[{"start":{"line":130,"column":8},"end":{"line":130,"column":8}},{"start":{"line":130,"column":8},"end":{"line":130,"column":8}}]},"16":{"line":134,"type":"if","locations":[{"start":{"line":134,"column":8},"end":{"line":134,"column":8}},{"start":{"line":134,"column":8},"end":{"line":134,"column":8}}]},"17":{"line":144,"type":"if","locations":[{"start":{"line":144,"column":8},"end":{"line":144,"column":8}},{"start":{"line":144,"column":8},"end":{"line":144,"column":8}}]}}},"contracts/core/nfts/LicenseNFT.sol":{"l":{"35":45,"36":45,"40":45,"44":45,"46":45,"47":21,"48":21,"50":21,"51":21},"path":"/Users/bino/Projects/airline/weifly-contracts/contracts/core/nfts/LicenseNFT.sol","s":{"1":45,"2":45,"3":45,"4":45,"5":45,"6":21,"7":21,"8":21,"9":21},"b":{"1":[45,0],"2":[45,0],"3":[45,0],"4":[45,0],"5":[21,24],"6":[21,0],"7":[18,3]},"f":{"1":33,"2":45},"fnMap":{"1":{"name":"constructor","line":23,"loc":{"start":{"line":8,"column":4},"end":{"line":24,"column":5}}},"2":{"name":"_beforeClaim","line":26,"loc":{"start":{"line":26,"column":4},"end":{"line":53,"column":4}}}},"statementMap":{"1":{"start":{"line":35,"column":8},"end":{"line":35,"column":71}},"2":{"start":{"line":36,"column":8},"end":{"line":36,"column":965}},"3":{"start":{"line":40,"column":8},"end":{"line":40,"column":1089}},"4":{"start":{"line":44,"column":8},"end":{"line":44,"column":55}},"5":{"start":{"line":46,"column":8},"end":{"line":46,"column":1273}},"6":{"start":{"line":47,"column":12},"end":{"line":47,"column":66}},"7":{"start":{"line":48,"column":12},"end":{"line":48,"column":71}},"8":{"start":{"line":50,"column":12},"end":{"line":50,"column":72}},"9":{"start":{"line":51,"column":12},"end":{"line":51,"column":63}}},"branchMap":{"1":{"line":35,"type":"if","locations":[{"start":{"line":35,"column":8},"end":{"line":35,"column":8}},{"start":{"line":35,"column":8},"end":{"line":35,"column":8}}]},"2":{"line":36,"type":"if","locations":[{"start":{"line":36,"column":8},"end":{"line":36,"column":8}},{"start":{"line":36,"column":8},"end":{"line":36,"column":8}}]},"3":{"line":40,"type":"if","locations":[{"start":{"line":40,"column":8},"end":{"line":40,"column":8}},{"start":{"line":40,"column":8},"end":{"line":40,"column":8}}]},"4":{"line":44,"type":"if","locations":[{"start":{"line":44,"column":8},"end":{"line":44,"column":8}},{"start":{"line":44,"column":8},"end":{"line":44,"column":8}}]},"5":{"line":46,"type":"if","locations":[{"start":{"line":46,"column":8},"end":{"line":46,"column":8}},{"start":{"line":46,"column":8},"end":{"line":46,"column":8}}]},"6":{"line":48,"type":"if","locations":[{"start":{"line":48,"column":12},"end":{"line":48,"column":12}},{"start":{"line":48,"column":12},"end":{"line":48,"column":12}}]},"7":{"line":51,"type":"if","locations":[{"start":{"line":51,"column":12},"end":{"line":51,"column":12}},{"start":{"line":51,"column":12},"end":{"line":51,"column":12}}]}}},"contracts/core/Recoverable.sol":{"l":{"15":14,"30":4,"35":4,"36":4,"37":4,"52":2,"57":2,"58":2,"66":2,"71":2,"72":2,"74":1,"76":1},"path":"/Users/bino/Projects/airline/weifly-contracts/contracts/core/Recoverable.sol","s":{"1":4,"2":4,"3":2,"4":2,"5":2,"6":2,"7":2,"8":1},"b":{"1":[4,0],"2":[2,0],"3":[2,0],"4":[1,1]},"f":{"1":14,"2":4,"3":2,"4":2},"fnMap":{"1":{"name":"constructor","line":14,"loc":{"start":{"line":14,"column":4},"end":{"line":16,"column":4}}},"2":{"name":"addAdmin","line":25,"loc":{"start":{"line":25,"column":4},"end":{"line":38,"column":4}}},"3":{"name":"setNewOwner","line":47,"loc":{"start":{"line":47,"column":4},"end":{"line":59,"column":4}}},"4":{"name":"changeLock","line":61,"loc":{"start":{"line":61,"column":4},"end":{"line":77,"column":4}}}},"statementMap":{"1":{"start":{"line":30,"column":8},"end":{"line":30,"column":865}},"2":{"start":{"line":35,"column":8},"end":{"line":35,"column":74}},"3":{"start":{"line":52,"column":8},"end":{"line":52,"column":1496}},"4":{"start":{"line":57,"column":8},"end":{"line":57,"column":76}},"5":{"start":{"line":66,"column":8},"end":{"line":66,"column":1884}},"6":{"start":{"line":71,"column":8},"end":{"line":71,"column":76}},"7":{"start":{"line":72,"column":8},"end":{"line":72,"column":65}},"8":{"start":{"line":76,"column":8},"end":{"line":76,"column":35}}},"branchMap":{"1":{"line":35,"type":"if","locations":[{"start":{"line":35,"column":8},"end":{"line":35,"column":8}},{"start":{"line":35,"column":8},"end":{"line":35,"column":8}}]},"2":{"line":57,"type":"if","locations":[{"start":{"line":57,"column":8},"end":{"line":57,"column":8}},{"start":{"line":57,"column":8},"end":{"line":57,"column":8}}]},"3":{"line":71,"type":"if","locations":[{"start":{"line":71,"column":8},"end":{"line":71,"column":8}},{"start":{"line":71,"column":8},"end":{"line":71,"column":8}}]},"4":{"line":72,"type":"if","locations":[{"start":{"line":72,"column":8},"end":{"line":72,"column":8}},{"start":{"line":72,"column":8},"end":{"line":72,"column":8}}]}}},"contracts/core/StakingAirline.sol":{"l":{"43":2,"44":2,"48":4,"59":7,"61":7,"72":1,"82":3,"83":3,"85":2},"path":"/Users/bino/Projects/airline/weifly-contracts/contracts/core/StakingAirline.sol","s":{"1":2,"2":2,"3":4,"4":7,"5":7,"6":1,"7":3,"8":3,"9":2},"b":{"1":[2,0],"2":[7,0],"3":[2,1]},"f":{"1":3,"2":2,"3":4,"4":7,"5":1,"6":3},"fnMap":{"1":{"name":"constructor","line":27,"loc":{"start":{"line":10,"column":4},"end":{"line":28,"column":5}}},"2":{"name":"_mintRewards","line":39,"loc":{"start":{"line":39,"column":4},"end":{"line":45,"column":4}}},"3":{"name":"_depositRewardTokens","line":47,"loc":{"start":{"line":47,"column":4},"end":{"line":49,"column":4}}},"4":{"name":"_stake","line":58,"loc":{"start":{"line":58,"column":4},"end":{"line":62,"column":4}}},"5":{"name":"_withdraw","line":71,"loc":{"start":{"line":71,"column":4},"end":{"line":73,"column":4}}},"6":{"name":"_claimRewards","line":81,"loc":{"start":{"line":81,"column":4},"end":{"line":86,"column":4}}}},"statementMap":{"1":{"start":{"line":43,"column":8},"end":{"line":43,"column":75}},"2":{"start":{"line":44,"column":8},"end":{"line":44,"column":44}},"3":{"start":{"line":48,"column":8},"end":{"line":48,"column":42}},"4":{"start":{"line":59,"column":8},"end":{"line":59,"column":56}},"5":{"start":{"line":61,"column":8},"end":{"line":61,"column":28}},"6":{"start":{"line":72,"column":8},"end":{"line":72,"column":31}},"7":{"start":{"line":82,"column":8},"end":{"line":82,"column":66}},"8":{"start":{"line":83,"column":8},"end":{"line":83,"column":77}},"9":{"start":{"line":85,"column":8},"end":{"line":85,"column":28}}},"branchMap":{"1":{"line":43,"type":"if","locations":[{"start":{"line":43,"column":8},"end":{"line":43,"column":8}},{"start":{"line":43,"column":8},"end":{"line":43,"column":8}}]},"2":{"line":59,"type":"if","locations":[{"start":{"line":59,"column":8},"end":{"line":59,"column":8}},{"start":{"line":59,"column":8},"end":{"line":59,"column":8}}]},"3":{"line":83,"type":"if","locations":[{"start":{"line":83,"column":8},"end":{"line":83,"column":8}},{"start":{"line":83,"column":8},"end":{"line":83,"column":8}}]}}},"contracts/core/tokens/AirlineCoin.sol":{"l":{"13":39,"14":39},"path":"/Users/bino/Projects/airline/weifly-contracts/contracts/core/tokens/AirlineCoin.sol","s":{"1":39,"2":39},"b":{},"f":{"1":39},"fnMap":{"1":{"name":"constructor","line":11,"loc":{"start":{"line":7,"column":4},"end":{"line":15,"column":4}}}},"statementMap":{"1":{"start":{"line":13,"column":8},"end":{"line":13,"column":69}},"2":{"start":{"line":14,"column":8},"end":{"line":14,"column":39}}},"branchMap":{}},"contracts/core/tokens/AirlineRewardCoin.sol":{"l":{"13":12},"path":"/Users/bino/Projects/airline/weifly-contracts/contracts/core/tokens/AirlineRewardCoin.sol","s":{"1":12},"b":{},"f":{"1":12},"fnMap":{"1":{"name":"constructor","line":11,"loc":{"start":{"line":7,"column":4},"end":{"line":14,"column":4}}}},"statementMap":{"1":{"start":{"line":13,"column":8},"end":{"line":13,"column":73}}},"branchMap":{}},"contracts/core/tokens/NativeTokenWrapper.sol":{"l":{},"path":"/Users/bino/Projects/airline/weifly-contracts/contracts/core/tokens/NativeTokenWrapper.sol","s":{},"b":{},"f":{"1":3},"fnMap":{"1":{"name":"constructor","line":11,"loc":{"start":{"line":7,"column":4},"end":{"line":11,"column":48}}}},"statementMap":{},"branchMap":{}},"contracts/interfaces/IAirline.sol":{"l":{},"path":"/Users/bino/Projects/airline/weifly-contracts/contracts/interfaces/IAirline.sol","s":{},"b":{},"f":{},"fnMap":{},"statementMap":{},"branchMap":{}},"contracts/interfaces/IRecoverable.sol":{"l":{},"path":"/Users/bino/Projects/airline/weifly-contracts/contracts/interfaces/IRecoverable.sol","s":{},"b":{},"f":{},"fnMap":{},"statementMap":{},"branchMap":{}}}